[20-Feb-2023 18:30:21 UTC] Cron reschedule event error for hook: action_scheduler_run_queue, Error code: invalid_schedule, Error message: Event schedule does not exist., Data: {"schedule":"every_minute","args":["WP Cron"],"interval":60}
[20-Feb-2023 18:30:24 UTC] Cron reschedule event error for hook: woocommerce_geoip_updater, Error code: invalid_schedule, Error message: Event schedule does not exist., Data: {"schedule":"fifteendays","args":[],"interval":1296000}
[20-Feb-2023 19:34:10 UTC] PHP Warning:  Undefined property: WP_Ajax_Upgrader_Skin::$api in C:\Users\Nehank Shihora\Local Sites\fcbarcelona\app\public\wp-admin\includes\class-theme-upgrader.php on line 160
[20-Feb-2023 19:42:04 UTC] PHP Fatal error:  Uncaught TypeError: call_user_func(): Argument #1 ($callback) must be a valid callback, function "modern_ecommerce_customize_partial_modern_ecommerce_footer_text" not found or invalid function name in C:\Users\Nehank Shihora\Local Sites\fcbarcelona\app\public\wp-includes\customize\class-wp-customize-partial.php:222
Stack trace:
#0 C:\Users\Nehank Shihora\Local Sites\fcbarcelona\app\public\wp-includes\customize\class-wp-customize-selective-refresh.php(372): WP_Customize_Partial->render(Array)
#1 C:\Users\Nehank Shihora\Local Sites\fcbarcelona\app\public\wp-includes\class-wp-hook.php(308): WP_Customize_Selective_Refresh->handle_render_partials_request('')
#2 C:\Users\Nehank Shihora\Local Sites\fcbarcelona\app\public\wp-includes\class-wp-hook.php(332): WP_Hook->apply_filters(NULL, Array)
#3 C:\Users\Nehank Shihora\Local Sites\fcbarcelona\app\public\wp-includes\plugin.php(517): WP_Hook->do_action(Array)
#4 C:\Users\Nehank Shihora\Local Sites\fcbarcelona\app\public\wp-includes\template-loader.php(13): do_action('template_redire...')
#5 C:\Users\Nehank Shihora\Local Sites\fcbarcelona\app\public\wp-blog-header.php(19): require_once('C:\\Users\\Nehank...')
#6 C:\Users\Nehank Shihora\Local Sites\fcbarcelona\app\public\index.php(17): require('C:\\Users\\Nehank...')
#7 {main}
  thrown in C:\Users\Nehank Shihora\Local Sites\fcbarcelona\app\public\wp-includes\customize\class-wp-customize-partial.php on line 222
[20-Feb-2023 19:42:05 UTC] PHP Fatal error:  Uncaught TypeError: call_user_func(): Argument #1 ($callback) must be a valid callback, function "modern_ecommerce_customize_partial_modern_ecommerce_footer_text" not found or invalid function name in C:\Users\Nehank Shihora\Local Sites\fcbarcelona\app\public\wp-includes\customize\class-wp-customize-partial.php:222
Stack trace:
#0 C:\Users\Nehank Shihora\Local Sites\fcbarcelona\app\public\wp-includes\customize\class-wp-customize-selective-refresh.php(372): WP_Customize_Partial->render(Array)
#1 C:\Users\Nehank Shihora\Local Sites\fcbarcelona\app\public\wp-includes\class-wp-hook.php(308): WP_Customize_Selective_Refresh->handle_render_partials_request('')
#2 C:\Users\Nehank Shihora\Local Sites\fcbarcelona\app\public\wp-includes\class-wp-hook.php(332): WP_Hook->apply_filters(NULL, Array)
#3 C:\Users\Nehank Shihora\Local Sites\fcbarcelona\app\public\wp-includes\plugin.php(517): WP_Hook->do_action(Array)
#4 C:\Users\Nehank Shihora\Local Sites\fcbarcelona\app\public\wp-includes\template-loader.php(13): do_action('template_redire...')
#5 C:\Users\Nehank Shihora\Local Sites\fcbarcelona\app\public\wp-blog-header.php(19): require_once('C:\\Users\\Nehank...')
#6 C:\Users\Nehank Shihora\Local Sites\fcbarcelona\app\public\index.php(17): require('C:\\Users\\Nehank...')
#7 {main}
  thrown in C:\Users\Nehank Shihora\Local Sites\fcbarcelona\app\public\wp-includes\customize\class-wp-customize-partial.php on line 222
[20-Feb-2023 19:42:12 UTC] PHP Fatal error:  Uncaught TypeError: call_user_func(): Argument #1 ($callback) must be a valid callback, function "modern_ecommerce_customize_partial_modern_ecommerce_footer_text" not found or invalid function name in C:\Users\Nehank Shihora\Local Sites\fcbarcelona\app\public\wp-includes\customize\class-wp-customize-partial.php:222
Stack trace:
#0 C:\Users\Nehank Shihora\Local Sites\fcbarcelona\app\public\wp-includes\customize\class-wp-customize-selective-refresh.php(372): WP_Customize_Partial->render(Array)
#1 C:\Users\Nehank Shihora\Local Sites\fcbarcelona\app\public\wp-includes\class-wp-hook.php(308): WP_Customize_Selective_Refresh->handle_render_partials_request('')
#2 C:\Users\Nehank Shihora\Local Sites\fcbarcelona\app\public\wp-includes\class-wp-hook.php(332): WP_Hook->apply_filters(NULL, Array)
#3 C:\Users\Nehank Shihora\Local Sites\fcbarcelona\app\public\wp-includes\plugin.php(517): WP_Hook->do_action(Array)
#4 C:\Users\Nehank Shihora\Local Sites\fcbarcelona\app\public\wp-includes\template-loader.php(13): do_action('template_redire...')
#5 C:\Users\Nehank Shihora\Local Sites\fcbarcelona\app\public\wp-blog-header.php(19): require_once('C:\\Users\\Nehank...')
#6 C:\Users\Nehank Shihora\Local Sites\fcbarcelona\app\public\index.php(17): require('C:\\Users\\Nehank...')
#7 {main}
  thrown in C:\Users\Nehank Shihora\Local Sites\fcbarcelona\app\public\wp-includes\customize\class-wp-customize-partial.php on line 222
[20-Feb-2023 19:42:13 UTC] PHP Fatal error:  Uncaught TypeError: call_user_func(): Argument #1 ($callback) must be a valid callback, function "modern_ecommerce_customize_partial_modern_ecommerce_footer_text" not found or invalid function name in C:\Users\Nehank Shihora\Local Sites\fcbarcelona\app\public\wp-includes\customize\class-wp-customize-partial.php:222
Stack trace:
#0 C:\Users\Nehank Shihora\Local Sites\fcbarcelona\app\public\wp-includes\customize\class-wp-customize-selective-refresh.php(372): WP_Customize_Partial->render(Array)
#1 C:\Users\Nehank Shihora\Local Sites\fcbarcelona\app\public\wp-includes\class-wp-hook.php(308): WP_Customize_Selective_Refresh->handle_render_partials_request('')
#2 C:\Users\Nehank Shihora\Local Sites\fcbarcelona\app\public\wp-includes\class-wp-hook.php(332): WP_Hook->apply_filters(NULL, Array)
#3 C:\Users\Nehank Shihora\Local Sites\fcbarcelona\app\public\wp-includes\plugin.php(517): WP_Hook->do_action(Array)
#4 C:\Users\Nehank Shihora\Local Sites\fcbarcelona\app\public\wp-includes\template-loader.php(13): do_action('template_redire...')
#5 C:\Users\Nehank Shihora\Local Sites\fcbarcelona\app\public\wp-blog-header.php(19): require_once('C:\\Users\\Nehank...')
#6 C:\Users\Nehank Shihora\Local Sites\fcbarcelona\app\public\index.php(17): require('C:\\Users\\Nehank...')
#7 {main}
  thrown in C:\Users\Nehank Shihora\Local Sites\fcbarcelona\app\public\wp-includes\customize\class-wp-customize-partial.php on line 222
[20-Feb-2023 19:42:16 UTC] PHP Fatal error:  Uncaught TypeError: call_user_func(): Argument #1 ($callback) must be a valid callback, function "modern_ecommerce_customize_partial_modern_ecommerce_footer_text" not found or invalid function name in C:\Users\Nehank Shihora\Local Sites\fcbarcelona\app\public\wp-includes\customize\class-wp-customize-partial.php:222
Stack trace:
#0 C:\Users\Nehank Shihora\Local Sites\fcbarcelona\app\public\wp-includes\customize\class-wp-customize-selective-refresh.php(372): WP_Customize_Partial->render(Array)
#1 C:\Users\Nehank Shihora\Local Sites\fcbarcelona\app\public\wp-includes\class-wp-hook.php(308): WP_Customize_Selective_Refresh->handle_render_partials_request('')
#2 C:\Users\Nehank Shihora\Local Sites\fcbarcelona\app\public\wp-includes\class-wp-hook.php(332): WP_Hook->apply_filters(NULL, Array)
#3 C:\Users\Nehank Shihora\Local Sites\fcbarcelona\app\public\wp-includes\plugin.php(517): WP_Hook->do_action(Array)
#4 C:\Users\Nehank Shihora\Local Sites\fcbarcelona\app\public\wp-includes\template-loader.php(13): do_action('template_redire...')
#5 C:\Users\Nehank Shihora\Local Sites\fcbarcelona\app\public\wp-blog-header.php(19): require_once('C:\\Users\\Nehank...')
#6 C:\Users\Nehank Shihora\Local Sites\fcbarcelona\app\public\index.php(17): require('C:\\Users\\Nehank...')
#7 {main}
  thrown in C:\Users\Nehank Shihora\Local Sites\fcbarcelona\app\public\wp-includes\customize\class-wp-customize-partial.php on line 222
[20-Feb-2023 19:42:18 UTC] PHP Fatal error:  Uncaught TypeError: call_user_func(): Argument #1 ($callback) must be a valid callback, function "modern_ecommerce_customize_partial_modern_ecommerce_footer_text" not found or invalid function name in C:\Users\Nehank Shihora\Local Sites\fcbarcelona\app\public\wp-includes\customize\class-wp-customize-partial.php:222
Stack trace:
#0 C:\Users\Nehank Shihora\Local Sites\fcbarcelona\app\public\wp-includes\customize\class-wp-customize-selective-refresh.php(372): WP_Customize_Partial->render(Array)
#1 C:\Users\Nehank Shihora\Local Sites\fcbarcelona\app\public\wp-includes\class-wp-hook.php(308): WP_Customize_Selective_Refresh->handle_render_partials_request('')
#2 C:\Users\Nehank Shihora\Local Sites\fcbarcelona\app\public\wp-includes\class-wp-hook.php(332): WP_Hook->apply_filters(NULL, Array)
#3 C:\Users\Nehank Shihora\Local Sites\fcbarcelona\app\public\wp-includes\plugin.php(517): WP_Hook->do_action(Array)
#4 C:\Users\Nehank Shihora\Local Sites\fcbarcelona\app\public\wp-includes\template-loader.php(13): do_action('template_redire...')
#5 C:\Users\Nehank Shihora\Local Sites\fcbarcelona\app\public\wp-blog-header.php(19): require_once('C:\\Users\\Nehank...')
#6 C:\Users\Nehank Shihora\Local Sites\fcbarcelona\app\public\index.php(17): require('C:\\Users\\Nehank...')
#7 {main}
  thrown in C:\Users\Nehank Shihora\Local Sites\fcbarcelona\app\public\wp-includes\customize\class-wp-customize-partial.php on line 222
[20-Feb-2023 19:42:19 UTC] PHP Fatal error:  Uncaught TypeError: call_user_func(): Argument #1 ($callback) must be a valid callback, function "modern_ecommerce_customize_partial_modern_ecommerce_footer_text" not found or invalid function name in C:\Users\Nehank Shihora\Local Sites\fcbarcelona\app\public\wp-includes\customize\class-wp-customize-partial.php:222
Stack trace:
#0 C:\Users\Nehank Shihora\Local Sites\fcbarcelona\app\public\wp-includes\customize\class-wp-customize-selective-refresh.php(372): WP_Customize_Partial->render(Array)
#1 C:\Users\Nehank Shihora\Local Sites\fcbarcelona\app\public\wp-includes\class-wp-hook.php(308): WP_Customize_Selective_Refresh->handle_render_partials_request('')
#2 C:\Users\Nehank Shihora\Local Sites\fcbarcelona\app\public\wp-includes\class-wp-hook.php(332): WP_Hook->apply_filters(NULL, Array)
#3 C:\Users\Nehank Shihora\Local Sites\fcbarcelona\app\public\wp-includes\plugin.php(517): WP_Hook->do_action(Array)
#4 C:\Users\Nehank Shihora\Local Sites\fcbarcelona\app\public\wp-includes\template-loader.php(13): do_action('template_redire...')
#5 C:\Users\Nehank Shihora\Local Sites\fcbarcelona\app\public\wp-blog-header.php(19): require_once('C:\\Users\\Nehank...')
#6 C:\Users\Nehank Shihora\Local Sites\fcbarcelona\app\public\index.php(17): require('C:\\Users\\Nehank...')
#7 {main}
  thrown in C:\Users\Nehank Shihora\Local Sites\fcbarcelona\app\public\wp-includes\customize\class-wp-customize-partial.php on line 222
[20-Feb-2023 20:24:59 UTC] WordPress database error Table 'wp_e_events' already exists for query CREATE TABLE `wp_e_events` (
			id bigint(20) unsigned auto_increment primary key,
			event_data text null,
			created_at datetime not null
		) DEFAULT CHARACTER SET utf8mb4 COLLATE utf8mb4_unicode_520_ci; made by require_once('wp-admin/admin.php'), require_once('wp-load.php'), require_once('wp-config.php'), require_once('wp-settings.php'), do_action('init'), WP_Hook->do_action, WP_Hook->apply_filters, Elementor\Plugin->init, Elementor\Plugin->init_components, Elementor\Core\Admin\Admin->__construct, Elementor\Plugin->init_common, Elementor\Core\Common\App->init_components, Elementor\Core\Common\Modules\EventTracker\Module->__construct, Elementor\Core\Common\Modules\EventTracker\DB->__construct, Elementor\Core\Common\Modules\EventTracker\DB->create_table
[20-Feb-2023 20:24:59 UTC] WordPress database error Duplicate key name 'created_at_index' for query ALTER TABLE wp_e_events
    		ADD INDEX `created_at_index` (`created_at`)
		 made by require_once('wp-admin/admin.php'), require_once('wp-load.php'), require_once('wp-config.php'), require_once('wp-settings.php'), do_action('init'), WP_Hook->do_action, WP_Hook->apply_filters, Elementor\Plugin->init, Elementor\Plugin->init_components, Elementor\Core\Admin\Admin->__construct, Elementor\Plugin->init_common, Elementor\Core\Common\App->init_components, Elementor\Core\Common\Modules\EventTracker\Module->__construct, Elementor\Core\Common\Modules\EventTracker\DB->__construct, Elementor\Core\Common\Modules\EventTracker\DB->add_indexes
