2023-02-20T19:42:04+00:00 CRITICAL Uncaught TypeError: call_user_func(): Argument #1 ($callback) must be a valid callback, function "modern_ecommerce_customize_partial_modern_ecommerce_footer_text" not found or invalid function name in C:\Users\Nehank Shihora\Local Sites\fcbarcelona\app\public\wp-includes\customize\class-wp-customize-partial.php:222
Stack trace:
#0 C:\Users\Nehank Shihora\Local Sites\fcbarcelona\app\public\wp-includes\customize\class-wp-customize-selective-refresh.php(372): WP_Customize_Partial->render(Array)
#1 C:\Users\Nehank Shihora\Local Sites\fcbarcelona\app\public\wp-includes\class-wp-hook.php(308): WP_Customize_Selective_Refresh->handle_render_partials_request('')
#2 C:\Users\Nehank Shihora\Local Sites\fcbarcelona\app\public\wp-includes\class-wp-hook.php(332): WP_Hook->apply_filters(NULL, Array)
#3 C:\Users\Nehank Shihora\Local Sites\fcbarcelona\app\public\wp-includes\plugin.php(517): WP_Hook->do_action(Array)
#4 C:\Users\Nehank Shihora\Local Sites\fcbarcelona\app\public\wp-includes\template-loader.php(13): do_action('template_redire...')
#5 C:\Users\Nehank Shihora\Local Sites\fcbarcelona\app\public\wp-blog-header.php(19): require_once('C:\\Users\\Nehank...')
#6 C:\Users\Nehank Shihora\Local Sites\fcbarcelona\app\public\index.php(17): require('C:\\Users\\Nehank...')
#7 {main}
  thrown in C:\Users\Nehank Shihora\Local Sites\fcbarcelona\app\public\wp-includes\customize\class-wp-customize-partial.php on line 222

2023-02-20T19:42:05+00:00 CRITICAL Uncaught TypeError: call_user_func(): Argument #1 ($callback) must be a valid callback, function "modern_ecommerce_customize_partial_modern_ecommerce_footer_text" not found or invalid function name in C:\Users\Nehank Shihora\Local Sites\fcbarcelona\app\public\wp-includes\customize\class-wp-customize-partial.php:222
Stack trace:
#0 C:\Users\Nehank Shihora\Local Sites\fcbarcelona\app\public\wp-includes\customize\class-wp-customize-selective-refresh.php(372): WP_Customize_Partial->render(Array)
#1 C:\Users\Nehank Shihora\Local Sites\fcbarcelona\app\public\wp-includes\class-wp-hook.php(308): WP_Customize_Selective_Refresh->handle_render_partials_request('')
#2 C:\Users\Nehank Shihora\Local Sites\fcbarcelona\app\public\wp-includes\class-wp-hook.php(332): WP_Hook->apply_filters(NULL, Array)
#3 C:\Users\Nehank Shihora\Local Sites\fcbarcelona\app\public\wp-includes\plugin.php(517): WP_Hook->do_action(Array)
#4 C:\Users\Nehank Shihora\Local Sites\fcbarcelona\app\public\wp-includes\template-loader.php(13): do_action('template_redire...')
#5 C:\Users\Nehank Shihora\Local Sites\fcbarcelona\app\public\wp-blog-header.php(19): require_once('C:\\Users\\Nehank...')
#6 C:\Users\Nehank Shihora\Local Sites\fcbarcelona\app\public\index.php(17): require('C:\\Users\\Nehank...')
#7 {main}
  thrown in C:\Users\Nehank Shihora\Local Sites\fcbarcelona\app\public\wp-includes\customize\class-wp-customize-partial.php on line 222

2023-02-20T19:42:12+00:00 CRITICAL Uncaught TypeError: call_user_func(): Argument #1 ($callback) must be a valid callback, function "modern_ecommerce_customize_partial_modern_ecommerce_footer_text" not found or invalid function name in C:\Users\Nehank Shihora\Local Sites\fcbarcelona\app\public\wp-includes\customize\class-wp-customize-partial.php:222
Stack trace:
#0 C:\Users\Nehank Shihora\Local Sites\fcbarcelona\app\public\wp-includes\customize\class-wp-customize-selective-refresh.php(372): WP_Customize_Partial->render(Array)
#1 C:\Users\Nehank Shihora\Local Sites\fcbarcelona\app\public\wp-includes\class-wp-hook.php(308): WP_Customize_Selective_Refresh->handle_render_partials_request('')
#2 C:\Users\Nehank Shihora\Local Sites\fcbarcelona\app\public\wp-includes\class-wp-hook.php(332): WP_Hook->apply_filters(NULL, Array)
#3 C:\Users\Nehank Shihora\Local Sites\fcbarcelona\app\public\wp-includes\plugin.php(517): WP_Hook->do_action(Array)
#4 C:\Users\Nehank Shihora\Local Sites\fcbarcelona\app\public\wp-includes\template-loader.php(13): do_action('template_redire...')
#5 C:\Users\Nehank Shihora\Local Sites\fcbarcelona\app\public\wp-blog-header.php(19): require_once('C:\\Users\\Nehank...')
#6 C:\Users\Nehank Shihora\Local Sites\fcbarcelona\app\public\index.php(17): require('C:\\Users\\Nehank...')
#7 {main}
  thrown in C:\Users\Nehank Shihora\Local Sites\fcbarcelona\app\public\wp-includes\customize\class-wp-customize-partial.php on line 222

2023-02-20T19:42:13+00:00 CRITICAL Uncaught TypeError: call_user_func(): Argument #1 ($callback) must be a valid callback, function "modern_ecommerce_customize_partial_modern_ecommerce_footer_text" not found or invalid function name in C:\Users\Nehank Shihora\Local Sites\fcbarcelona\app\public\wp-includes\customize\class-wp-customize-partial.php:222
Stack trace:
#0 C:\Users\Nehank Shihora\Local Sites\fcbarcelona\app\public\wp-includes\customize\class-wp-customize-selective-refresh.php(372): WP_Customize_Partial->render(Array)
#1 C:\Users\Nehank Shihora\Local Sites\fcbarcelona\app\public\wp-includes\class-wp-hook.php(308): WP_Customize_Selective_Refresh->handle_render_partials_request('')
#2 C:\Users\Nehank Shihora\Local Sites\fcbarcelona\app\public\wp-includes\class-wp-hook.php(332): WP_Hook->apply_filters(NULL, Array)
#3 C:\Users\Nehank Shihora\Local Sites\fcbarcelona\app\public\wp-includes\plugin.php(517): WP_Hook->do_action(Array)
#4 C:\Users\Nehank Shihora\Local Sites\fcbarcelona\app\public\wp-includes\template-loader.php(13): do_action('template_redire...')
#5 C:\Users\Nehank Shihora\Local Sites\fcbarcelona\app\public\wp-blog-header.php(19): require_once('C:\\Users\\Nehank...')
#6 C:\Users\Nehank Shihora\Local Sites\fcbarcelona\app\public\index.php(17): require('C:\\Users\\Nehank...')
#7 {main}
  thrown in C:\Users\Nehank Shihora\Local Sites\fcbarcelona\app\public\wp-includes\customize\class-wp-customize-partial.php on line 222

2023-02-20T19:42:16+00:00 CRITICAL Uncaught TypeError: call_user_func(): Argument #1 ($callback) must be a valid callback, function "modern_ecommerce_customize_partial_modern_ecommerce_footer_text" not found or invalid function name in C:\Users\Nehank Shihora\Local Sites\fcbarcelona\app\public\wp-includes\customize\class-wp-customize-partial.php:222
Stack trace:
#0 C:\Users\Nehank Shihora\Local Sites\fcbarcelona\app\public\wp-includes\customize\class-wp-customize-selective-refresh.php(372): WP_Customize_Partial->render(Array)
#1 C:\Users\Nehank Shihora\Local Sites\fcbarcelona\app\public\wp-includes\class-wp-hook.php(308): WP_Customize_Selective_Refresh->handle_render_partials_request('')
#2 C:\Users\Nehank Shihora\Local Sites\fcbarcelona\app\public\wp-includes\class-wp-hook.php(332): WP_Hook->apply_filters(NULL, Array)
#3 C:\Users\Nehank Shihora\Local Sites\fcbarcelona\app\public\wp-includes\plugin.php(517): WP_Hook->do_action(Array)
#4 C:\Users\Nehank Shihora\Local Sites\fcbarcelona\app\public\wp-includes\template-loader.php(13): do_action('template_redire...')
#5 C:\Users\Nehank Shihora\Local Sites\fcbarcelona\app\public\wp-blog-header.php(19): require_once('C:\\Users\\Nehank...')
#6 C:\Users\Nehank Shihora\Local Sites\fcbarcelona\app\public\index.php(17): require('C:\\Users\\Nehank...')
#7 {main}
  thrown in C:\Users\Nehank Shihora\Local Sites\fcbarcelona\app\public\wp-includes\customize\class-wp-customize-partial.php on line 222

2023-02-20T19:42:18+00:00 CRITICAL Uncaught TypeError: call_user_func(): Argument #1 ($callback) must be a valid callback, function "modern_ecommerce_customize_partial_modern_ecommerce_footer_text" not found or invalid function name in C:\Users\Nehank Shihora\Local Sites\fcbarcelona\app\public\wp-includes\customize\class-wp-customize-partial.php:222
Stack trace:
#0 C:\Users\Nehank Shihora\Local Sites\fcbarcelona\app\public\wp-includes\customize\class-wp-customize-selective-refresh.php(372): WP_Customize_Partial->render(Array)
#1 C:\Users\Nehank Shihora\Local Sites\fcbarcelona\app\public\wp-includes\class-wp-hook.php(308): WP_Customize_Selective_Refresh->handle_render_partials_request('')
#2 C:\Users\Nehank Shihora\Local Sites\fcbarcelona\app\public\wp-includes\class-wp-hook.php(332): WP_Hook->apply_filters(NULL, Array)
#3 C:\Users\Nehank Shihora\Local Sites\fcbarcelona\app\public\wp-includes\plugin.php(517): WP_Hook->do_action(Array)
#4 C:\Users\Nehank Shihora\Local Sites\fcbarcelona\app\public\wp-includes\template-loader.php(13): do_action('template_redire...')
#5 C:\Users\Nehank Shihora\Local Sites\fcbarcelona\app\public\wp-blog-header.php(19): require_once('C:\\Users\\Nehank...')
#6 C:\Users\Nehank Shihora\Local Sites\fcbarcelona\app\public\index.php(17): require('C:\\Users\\Nehank...')
#7 {main}
  thrown in C:\Users\Nehank Shihora\Local Sites\fcbarcelona\app\public\wp-includes\customize\class-wp-customize-partial.php on line 222

2023-02-20T19:42:19+00:00 CRITICAL Uncaught TypeError: call_user_func(): Argument #1 ($callback) must be a valid callback, function "modern_ecommerce_customize_partial_modern_ecommerce_footer_text" not found or invalid function name in C:\Users\Nehank Shihora\Local Sites\fcbarcelona\app\public\wp-includes\customize\class-wp-customize-partial.php:222
Stack trace:
#0 C:\Users\Nehank Shihora\Local Sites\fcbarcelona\app\public\wp-includes\customize\class-wp-customize-selective-refresh.php(372): WP_Customize_Partial->render(Array)
#1 C:\Users\Nehank Shihora\Local Sites\fcbarcelona\app\public\wp-includes\class-wp-hook.php(308): WP_Customize_Selective_Refresh->handle_render_partials_request('')
#2 C:\Users\Nehank Shihora\Local Sites\fcbarcelona\app\public\wp-includes\class-wp-hook.php(332): WP_Hook->apply_filters(NULL, Array)
#3 C:\Users\Nehank Shihora\Local Sites\fcbarcelona\app\public\wp-includes\plugin.php(517): WP_Hook->do_action(Array)
#4 C:\Users\Nehank Shihora\Local Sites\fcbarcelona\app\public\wp-includes\template-loader.php(13): do_action('template_redire...')
#5 C:\Users\Nehank Shihora\Local Sites\fcbarcelona\app\public\wp-blog-header.php(19): require_once('C:\\Users\\Nehank...')
#6 C:\Users\Nehank Shihora\Local Sites\fcbarcelona\app\public\index.php(17): require('C:\\Users\\Nehank...')
#7 {main}
  thrown in C:\Users\Nehank Shihora\Local Sites\fcbarcelona\app\public\wp-includes\customize\class-wp-customize-partial.php on line 222

