Feb 20 2023 18:29:39
{"type":8192,"message":"Return type of Requests_Utility_CaseInsensitiveDictionary::getIterator() should either be compatible with IteratorAggregate::getIterator(): Traversable, or the #[\\ReturnTypeWillChange] attribute should be used to temporarily suppress the notice","file":"C:\\Users\\Nehank Shihora\\Local Sites\\fcbarcelona\\app\\public\\wp-includes\\Requests\\Utility\\CaseInsensitiveDictionary.php","line":91}

Feb 20 2023 18:30:18
{"Number":8192,"Message":"rtrim(): Passing null to parameter #1 ($string) of type string is deprecated","File":"C:\\Users\\Nehank Shihora\\Local Sites\\fcbarcelona\\app\\public\\wp-includes\\formatting.php","Line":2785}

Feb 20 2023 18:30:18
{"Number":8192,"Message":"rtrim(): Passing null to parameter #1 ($string) of type string is deprecated","File":"C:\\Users\\Nehank Shihora\\Local Sites\\fcbarcelona\\app\\public\\wp-includes\\formatting.php","Line":2785}

Feb 20 2023 18:30:18
{"Number":8192,"Message":"rtrim(): Passing null to parameter #1 ($string) of type string is deprecated","File":"C:\\Users\\Nehank Shihora\\Local Sites\\fcbarcelona\\app\\public\\wp-includes\\formatting.php","Line":2785}

Feb 20 2023 18:30:18
{"Number":8192,"Message":"rtrim(): Passing null to parameter #1 ($string) of type string is deprecated","File":"C:\\Users\\Nehank Shihora\\Local Sites\\fcbarcelona\\app\\public\\wp-includes\\formatting.php","Line":2785}

Feb 20 2023 18:30:18
{"Number":8192,"Message":"rtrim(): Passing null to parameter #1 ($string) of type string is deprecated","File":"C:\\Users\\Nehank Shihora\\Local Sites\\fcbarcelona\\app\\public\\wp-includes\\formatting.php","Line":2785}

Feb 20 2023 18:30:18
{"Number":8192,"Message":"rtrim(): Passing null to parameter #1 ($string) of type string is deprecated","File":"C:\\Users\\Nehank Shihora\\Local Sites\\fcbarcelona\\app\\public\\wp-includes\\formatting.php","Line":2785}

Feb 20 2023 18:30:22
{"type":8192,"message":"Return type of Requests_Utility_CaseInsensitiveDictionary::getIterator() should either be compatible with IteratorAggregate::getIterator(): Traversable, or the #[\\ReturnTypeWillChange] attribute should be used to temporarily suppress the notice","file":"C:\\Users\\Nehank Shihora\\Local Sites\\fcbarcelona\\app\\public\\wp-includes\\Requests\\Utility\\CaseInsensitiveDictionary.php","line":91}

Feb 20 2023 18:30:26
{"Number":8192,"Message":"Return type of Requests_Cookie_Jar::offsetExists($key) should either be compatible with ArrayAccess::offsetExists(mixed $offset): bool, or the #[\\ReturnTypeWillChange] attribute should be used to temporarily suppress the notice","File":"C:\\Users\\Nehank Shihora\\Local Sites\\fcbarcelona\\app\\public\\wp-includes\\Requests\\Cookie\\Jar.php","Line":63}

Feb 20 2023 18:30:26
{"Number":8192,"Message":"Return type of Requests_Cookie_Jar::offsetGet($key) should either be compatible with ArrayAccess::offsetGet(mixed $offset): mixed, or the #[\\ReturnTypeWillChange] attribute should be used to temporarily suppress the notice","File":"C:\\Users\\Nehank Shihora\\Local Sites\\fcbarcelona\\app\\public\\wp-includes\\Requests\\Cookie\\Jar.php","Line":73}

Feb 20 2023 18:30:26
{"Number":8192,"Message":"Return type of Requests_Cookie_Jar::offsetSet($key, $value) should either be compatible with ArrayAccess::offsetSet(mixed $offset, mixed $value): void, or the #[\\ReturnTypeWillChange] attribute should be used to temporarily suppress the notice","File":"C:\\Users\\Nehank Shihora\\Local Sites\\fcbarcelona\\app\\public\\wp-includes\\Requests\\Cookie\\Jar.php","Line":89}

Feb 20 2023 18:30:26
{"Number":8192,"Message":"Return type of Requests_Cookie_Jar::offsetUnset($key) should either be compatible with ArrayAccess::offsetUnset(mixed $offset): void, or the #[\\ReturnTypeWillChange] attribute should be used to temporarily suppress the notice","File":"C:\\Users\\Nehank Shihora\\Local Sites\\fcbarcelona\\app\\public\\wp-includes\\Requests\\Cookie\\Jar.php","Line":102}

Feb 20 2023 18:30:26
{"Number":8192,"Message":"Return type of Requests_Cookie_Jar::getIterator() should either be compatible with IteratorAggregate::getIterator(): Traversable, or the #[\\ReturnTypeWillChange] attribute should be used to temporarily suppress the notice","File":"C:\\Users\\Nehank Shihora\\Local Sites\\fcbarcelona\\app\\public\\wp-includes\\Requests\\Cookie\\Jar.php","Line":111}

Feb 20 2023 18:30:27
{"Number":8192,"Message":"Return type of Requests_Utility_CaseInsensitiveDictionary::offsetExists($key) should either be compatible with ArrayAccess::offsetExists(mixed $offset): bool, or the #[\\ReturnTypeWillChange] attribute should be used to temporarily suppress the notice","File":"C:\\Users\\Nehank Shihora\\Local Sites\\fcbarcelona\\app\\public\\wp-includes\\Requests\\Utility\\CaseInsensitiveDictionary.php","Line":40}

Feb 20 2023 18:30:27
{"Number":8192,"Message":"Return type of Requests_Utility_CaseInsensitiveDictionary::offsetGet($key) should either be compatible with ArrayAccess::offsetGet(mixed $offset): mixed, or the #[\\ReturnTypeWillChange] attribute should be used to temporarily suppress the notice","File":"C:\\Users\\Nehank Shihora\\Local Sites\\fcbarcelona\\app\\public\\wp-includes\\Requests\\Utility\\CaseInsensitiveDictionary.php","Line":51}

Feb 20 2023 18:30:27
{"Number":8192,"Message":"Return type of Requests_Utility_CaseInsensitiveDictionary::offsetSet($key, $value) should either be compatible with ArrayAccess::offsetSet(mixed $offset, mixed $value): void, or the #[\\ReturnTypeWillChange] attribute should be used to temporarily suppress the notice","File":"C:\\Users\\Nehank Shihora\\Local Sites\\fcbarcelona\\app\\public\\wp-includes\\Requests\\Utility\\CaseInsensitiveDictionary.php","Line":68}

Feb 20 2023 18:30:27
{"Number":8192,"Message":"Return type of Requests_Utility_CaseInsensitiveDictionary::offsetUnset($key) should either be compatible with ArrayAccess::offsetUnset(mixed $offset): void, or the #[\\ReturnTypeWillChange] attribute should be used to temporarily suppress the notice","File":"C:\\Users\\Nehank Shihora\\Local Sites\\fcbarcelona\\app\\public\\wp-includes\\Requests\\Utility\\CaseInsensitiveDictionary.php","Line":82}

Feb 20 2023 18:30:27
{"Number":8192,"Message":"Return type of Requests_Utility_CaseInsensitiveDictionary::getIterator() should either be compatible with IteratorAggregate::getIterator(): Traversable, or the #[\\ReturnTypeWillChange] attribute should be used to temporarily suppress the notice","File":"C:\\Users\\Nehank Shihora\\Local Sites\\fcbarcelona\\app\\public\\wp-includes\\Requests\\Utility\\CaseInsensitiveDictionary.php","Line":91}

Feb 20 2023 18:30:28
{"type":8192,"message":"Return type of Requests_Utility_CaseInsensitiveDictionary::getIterator() should either be compatible with IteratorAggregate::getIterator(): Traversable, or the #[\\ReturnTypeWillChange] attribute should be used to temporarily suppress the notice","file":"C:\\Users\\Nehank Shihora\\Local Sites\\fcbarcelona\\app\\public\\wp-includes\\Requests\\Utility\\CaseInsensitiveDictionary.php","line":91}

